<html>
<head>
<title>test_json.py</title>
<meta http-equiv="Content-Type" content="text/html; charset=utf-8">
<style type="text/css">
.s0 { color: #cc7832;}
.s1 { color: #a9b7c6;}
.s2 { color: #629755; font-style: italic;}
.s3 { color: #808080;}
.s4 { color: #6897bb;}
.s5 { color: #6a8759;}
</style>
</head>
<body bgcolor="#2b2b2b">
<table CELLSPACING=0 CELLPADDING=5 COLS=1 WIDTH="100%" BGCOLOR="#606060" >
<tr><td><center>
<font face="Arial, Helvetica" color="#000000">
test_json.py</font>
</center></td></tr></table>
<pre><span class="s0">import </span><span class="s1">collections</span>
<span class="s0">import </span><span class="s1">operator</span>

<span class="s0">import </span><span class="s1">pytest</span>

<span class="s0">import </span><span class="s1">pandas </span><span class="s0">as </span><span class="s1">pd</span>
<span class="s0">import </span><span class="s1">pandas._testing </span><span class="s0">as </span><span class="s1">tm</span>
<span class="s0">from </span><span class="s1">pandas.tests.extension </span><span class="s0">import </span><span class="s1">base</span>
<span class="s0">from </span><span class="s1">pandas.tests.extension.json.array </span><span class="s0">import </span><span class="s1">(</span>
    <span class="s1">JSONArray</span><span class="s0">,</span>
    <span class="s1">JSONDtype</span><span class="s0">,</span>
    <span class="s1">make_data</span><span class="s0">,</span>
<span class="s1">)</span>


<span class="s1">@pytest.fixture</span>
<span class="s0">def </span><span class="s1">dtype():</span>
    <span class="s0">return </span><span class="s1">JSONDtype()</span>


<span class="s1">@pytest.fixture</span>
<span class="s0">def </span><span class="s1">data():</span>
    <span class="s2">&quot;&quot;&quot;Length-100 PeriodArray for semantics test.&quot;&quot;&quot;</span>
    <span class="s1">data = make_data()</span>

    <span class="s3"># Why the while loop? NumPy is unable to construct an ndarray from</span>
    <span class="s3"># equal-length ndarrays. Many of our operations involve coercing the</span>
    <span class="s3"># EA to an ndarray of objects. To avoid random test failures, we ensure</span>
    <span class="s3"># that our data is coercible to an ndarray. Several tests deal with only</span>
    <span class="s3"># the first two elements, so that's what we'll check.</span>

    <span class="s0">while </span><span class="s1">len(data[</span><span class="s4">0</span><span class="s1">]) == len(data[</span><span class="s4">1</span><span class="s1">]):</span>
        <span class="s1">data = make_data()</span>

    <span class="s0">return </span><span class="s1">JSONArray(data)</span>


<span class="s1">@pytest.fixture</span>
<span class="s0">def </span><span class="s1">data_missing():</span>
    <span class="s2">&quot;&quot;&quot;Length 2 array with [NA, Valid]&quot;&quot;&quot;</span>
    <span class="s0">return </span><span class="s1">JSONArray([{}</span><span class="s0">, </span><span class="s1">{</span><span class="s5">&quot;a&quot;</span><span class="s1">: </span><span class="s4">10</span><span class="s1">}])</span>


<span class="s1">@pytest.fixture</span>
<span class="s0">def </span><span class="s1">data_for_sorting():</span>
    <span class="s0">return </span><span class="s1">JSONArray([{</span><span class="s5">&quot;b&quot;</span><span class="s1">: </span><span class="s4">1</span><span class="s1">}</span><span class="s0">, </span><span class="s1">{</span><span class="s5">&quot;c&quot;</span><span class="s1">: </span><span class="s4">4</span><span class="s1">}</span><span class="s0">, </span><span class="s1">{</span><span class="s5">&quot;a&quot;</span><span class="s1">: </span><span class="s4">2</span><span class="s0">, </span><span class="s5">&quot;c&quot;</span><span class="s1">: </span><span class="s4">3</span><span class="s1">}])</span>


<span class="s1">@pytest.fixture</span>
<span class="s0">def </span><span class="s1">data_missing_for_sorting():</span>
    <span class="s0">return </span><span class="s1">JSONArray([{</span><span class="s5">&quot;b&quot;</span><span class="s1">: </span><span class="s4">1</span><span class="s1">}</span><span class="s0">, </span><span class="s1">{}</span><span class="s0">, </span><span class="s1">{</span><span class="s5">&quot;a&quot;</span><span class="s1">: </span><span class="s4">4</span><span class="s1">}])</span>


<span class="s1">@pytest.fixture</span>
<span class="s0">def </span><span class="s1">na_value(dtype):</span>
    <span class="s0">return </span><span class="s1">dtype.na_value</span>


<span class="s1">@pytest.fixture</span>
<span class="s0">def </span><span class="s1">na_cmp():</span>
    <span class="s0">return </span><span class="s1">operator.eq</span>


<span class="s1">@pytest.fixture</span>
<span class="s0">def </span><span class="s1">data_for_grouping():</span>
    <span class="s0">return </span><span class="s1">JSONArray(</span>
        <span class="s1">[</span>
            <span class="s1">{</span><span class="s5">&quot;b&quot;</span><span class="s1">: </span><span class="s4">1</span><span class="s1">}</span><span class="s0">,</span>
            <span class="s1">{</span><span class="s5">&quot;b&quot;</span><span class="s1">: </span><span class="s4">1</span><span class="s1">}</span><span class="s0">,</span>
            <span class="s1">{}</span><span class="s0">,</span>
            <span class="s1">{}</span><span class="s0">,</span>
            <span class="s1">{</span><span class="s5">&quot;a&quot;</span><span class="s1">: </span><span class="s4">0</span><span class="s0">, </span><span class="s5">&quot;c&quot;</span><span class="s1">: </span><span class="s4">2</span><span class="s1">}</span><span class="s0">,</span>
            <span class="s1">{</span><span class="s5">&quot;a&quot;</span><span class="s1">: </span><span class="s4">0</span><span class="s0">, </span><span class="s5">&quot;c&quot;</span><span class="s1">: </span><span class="s4">2</span><span class="s1">}</span><span class="s0">,</span>
            <span class="s1">{</span><span class="s5">&quot;b&quot;</span><span class="s1">: </span><span class="s4">1</span><span class="s1">}</span><span class="s0">,</span>
            <span class="s1">{</span><span class="s5">&quot;c&quot;</span><span class="s1">: </span><span class="s4">2</span><span class="s1">}</span><span class="s0">,</span>
        <span class="s1">]</span>
    <span class="s1">)</span>


<span class="s0">class </span><span class="s1">BaseJSON:</span>
    <span class="s3"># NumPy doesn't handle an array of equal-length UserDicts.</span>
    <span class="s3"># The default assert_series_equal eventually does a</span>
    <span class="s3"># Series.values, which raises. We work around it by</span>
    <span class="s3"># converting the UserDicts to dicts.</span>
    <span class="s1">@classmethod</span>
    <span class="s0">def </span><span class="s1">assert_series_equal(cls</span><span class="s0">, </span><span class="s1">left</span><span class="s0">, </span><span class="s1">right</span><span class="s0">, </span><span class="s1">*args</span><span class="s0">, </span><span class="s1">**kwargs):</span>
        <span class="s0">if </span><span class="s1">left.dtype.name == </span><span class="s5">&quot;json&quot;</span><span class="s1">:</span>
            <span class="s0">assert </span><span class="s1">left.dtype == right.dtype</span>
            <span class="s1">left = pd.Series(</span>
                <span class="s1">JSONArray(left.values.astype(object))</span><span class="s0">, </span><span class="s1">index=left.index</span><span class="s0">, </span><span class="s1">name=left.name</span>
            <span class="s1">)</span>
            <span class="s1">right = pd.Series(</span>
                <span class="s1">JSONArray(right.values.astype(object))</span><span class="s0">,</span>
                <span class="s1">index=right.index</span><span class="s0">,</span>
                <span class="s1">name=right.name</span><span class="s0">,</span>
            <span class="s1">)</span>
        <span class="s1">tm.assert_series_equal(left</span><span class="s0">, </span><span class="s1">right</span><span class="s0">, </span><span class="s1">*args</span><span class="s0">, </span><span class="s1">**kwargs)</span>

    <span class="s1">@classmethod</span>
    <span class="s0">def </span><span class="s1">assert_frame_equal(cls</span><span class="s0">, </span><span class="s1">left</span><span class="s0">, </span><span class="s1">right</span><span class="s0">, </span><span class="s1">*args</span><span class="s0">, </span><span class="s1">**kwargs):</span>
        <span class="s1">obj_type = kwargs.get(</span><span class="s5">&quot;obj&quot;</span><span class="s0">, </span><span class="s5">&quot;DataFrame&quot;</span><span class="s1">)</span>
        <span class="s1">tm.assert_index_equal(</span>
            <span class="s1">left.columns</span><span class="s0">,</span>
            <span class="s1">right.columns</span><span class="s0">,</span>
            <span class="s1">exact=kwargs.get(</span><span class="s5">&quot;check_column_type&quot;</span><span class="s0">, </span><span class="s5">&quot;equiv&quot;</span><span class="s1">)</span><span class="s0">,</span>
            <span class="s1">check_names=kwargs.get(</span><span class="s5">&quot;check_names&quot;</span><span class="s0">, True</span><span class="s1">)</span><span class="s0">,</span>
            <span class="s1">check_exact=kwargs.get(</span><span class="s5">&quot;check_exact&quot;</span><span class="s0">, False</span><span class="s1">)</span><span class="s0">,</span>
            <span class="s1">check_categorical=kwargs.get(</span><span class="s5">&quot;check_categorical&quot;</span><span class="s0">, True</span><span class="s1">)</span><span class="s0">,</span>
            <span class="s1">obj=</span><span class="s5">f&quot;</span><span class="s0">{</span><span class="s1">obj_type</span><span class="s0">}</span><span class="s5">.columns&quot;</span><span class="s0">,</span>
        <span class="s1">)</span>

        <span class="s1">jsons = (left.dtypes == </span><span class="s5">&quot;json&quot;</span><span class="s1">).index</span>

        <span class="s0">for </span><span class="s1">col </span><span class="s0">in </span><span class="s1">jsons:</span>
            <span class="s1">cls.assert_series_equal(left[col]</span><span class="s0">, </span><span class="s1">right[col]</span><span class="s0">, </span><span class="s1">*args</span><span class="s0">, </span><span class="s1">**kwargs)</span>

        <span class="s1">left = left.drop(columns=jsons)</span>
        <span class="s1">right = right.drop(columns=jsons)</span>
        <span class="s1">tm.assert_frame_equal(left</span><span class="s0">, </span><span class="s1">right</span><span class="s0">, </span><span class="s1">*args</span><span class="s0">, </span><span class="s1">**kwargs)</span>


<span class="s0">class </span><span class="s1">TestDtype(BaseJSON</span><span class="s0">, </span><span class="s1">base.BaseDtypeTests):</span>
    <span class="s0">pass</span>


<span class="s0">class </span><span class="s1">TestInterface(BaseJSON</span><span class="s0">, </span><span class="s1">base.BaseInterfaceTests):</span>
    <span class="s0">def </span><span class="s1">test_custom_asserts(self):</span>
        <span class="s3"># This would always trigger the KeyError from trying to put</span>
        <span class="s3"># an array of equal-length UserDicts inside an ndarray.</span>
        <span class="s1">data = JSONArray(</span>
            <span class="s1">[</span>
                <span class="s1">collections.UserDict({</span><span class="s5">&quot;a&quot;</span><span class="s1">: </span><span class="s4">1</span><span class="s1">})</span><span class="s0">,</span>
                <span class="s1">collections.UserDict({</span><span class="s5">&quot;b&quot;</span><span class="s1">: </span><span class="s4">2</span><span class="s1">})</span><span class="s0">,</span>
                <span class="s1">collections.UserDict({</span><span class="s5">&quot;c&quot;</span><span class="s1">: </span><span class="s4">3</span><span class="s1">})</span><span class="s0">,</span>
            <span class="s1">]</span>
        <span class="s1">)</span>
        <span class="s1">a = pd.Series(data)</span>
        <span class="s1">self.assert_series_equal(a</span><span class="s0">, </span><span class="s1">a)</span>
        <span class="s1">self.assert_frame_equal(a.to_frame()</span><span class="s0">, </span><span class="s1">a.to_frame())</span>

        <span class="s1">b = pd.Series(data.take([</span><span class="s4">0</span><span class="s0">, </span><span class="s4">0</span><span class="s0">, </span><span class="s4">1</span><span class="s1">]))</span>
        <span class="s1">msg = </span><span class="s5">r&quot;ExtensionArray are different&quot;</span>
        <span class="s0">with </span><span class="s1">pytest.raises(AssertionError</span><span class="s0">, </span><span class="s1">match=msg):</span>
            <span class="s1">self.assert_series_equal(a</span><span class="s0">, </span><span class="s1">b)</span>

        <span class="s0">with </span><span class="s1">pytest.raises(AssertionError</span><span class="s0">, </span><span class="s1">match=msg):</span>
            <span class="s1">self.assert_frame_equal(a.to_frame()</span><span class="s0">, </span><span class="s1">b.to_frame())</span>

    <span class="s1">@pytest.mark.xfail(</span>
        <span class="s1">reason=</span><span class="s5">&quot;comparison method not implemented for JSONArray (GH-37867)&quot;</span>
    <span class="s1">)</span>
    <span class="s0">def </span><span class="s1">test_contains(self</span><span class="s0">, </span><span class="s1">data):</span>
        <span class="s3"># GH-37867</span>
        <span class="s1">super().test_contains(data)</span>


<span class="s0">class </span><span class="s1">TestConstructors(BaseJSON</span><span class="s0">, </span><span class="s1">base.BaseConstructorsTests):</span>
    <span class="s1">@pytest.mark.skip(reason=</span><span class="s5">&quot;not implemented constructor from dtype&quot;</span><span class="s1">)</span>
    <span class="s0">def </span><span class="s1">test_from_dtype(self</span><span class="s0">, </span><span class="s1">data):</span>
        <span class="s3"># construct from our dtype &amp; string dtype</span>
        <span class="s0">pass</span>

    <span class="s1">@pytest.mark.xfail(reason=</span><span class="s5">&quot;RecursionError, GH-33900&quot;</span><span class="s1">)</span>
    <span class="s0">def </span><span class="s1">test_series_constructor_no_data_with_index(self</span><span class="s0">, </span><span class="s1">dtype</span><span class="s0">, </span><span class="s1">na_value):</span>
        <span class="s3"># RecursionError: maximum recursion depth exceeded in comparison</span>
        <span class="s1">super().test_series_constructor_no_data_with_index(dtype</span><span class="s0">, </span><span class="s1">na_value)</span>

    <span class="s1">@pytest.mark.xfail(reason=</span><span class="s5">&quot;RecursionError, GH-33900&quot;</span><span class="s1">)</span>
    <span class="s0">def </span><span class="s1">test_series_constructor_scalar_na_with_index(self</span><span class="s0">, </span><span class="s1">dtype</span><span class="s0">, </span><span class="s1">na_value):</span>
        <span class="s3"># RecursionError: maximum recursion depth exceeded in comparison</span>
        <span class="s1">super().test_series_constructor_scalar_na_with_index(dtype</span><span class="s0">, </span><span class="s1">na_value)</span>

    <span class="s1">@pytest.mark.xfail(reason=</span><span class="s5">&quot;collection as scalar, GH-33901&quot;</span><span class="s1">)</span>
    <span class="s0">def </span><span class="s1">test_series_constructor_scalar_with_index(self</span><span class="s0">, </span><span class="s1">data</span><span class="s0">, </span><span class="s1">dtype):</span>
        <span class="s3"># TypeError: All values must be of type &lt;class 'collections.abc.Mapping'&gt;</span>
        <span class="s1">super().test_series_constructor_scalar_with_index(data</span><span class="s0">, </span><span class="s1">dtype)</span>


<span class="s0">class </span><span class="s1">TestReshaping(BaseJSON</span><span class="s0">, </span><span class="s1">base.BaseReshapingTests):</span>
    <span class="s1">@pytest.mark.skip(reason=</span><span class="s5">&quot;Different definitions of NA&quot;</span><span class="s1">)</span>
    <span class="s0">def </span><span class="s1">test_stack(self):</span>
        <span class="s2">&quot;&quot;&quot; 
        The test does .astype(object).stack(). If we happen to have 
        any missing values in `data`, then we'll end up with different 
        rows since we consider `{}` NA, but `.astype(object)` doesn't. 
        &quot;&quot;&quot;</span>

    <span class="s1">@pytest.mark.xfail(reason=</span><span class="s5">&quot;dict for NA&quot;</span><span class="s1">)</span>
    <span class="s0">def </span><span class="s1">test_unstack(self</span><span class="s0">, </span><span class="s1">data</span><span class="s0">, </span><span class="s1">index):</span>
        <span class="s3"># The base test has NaN for the expected NA value.</span>
        <span class="s3"># this matches otherwise</span>
        <span class="s0">return </span><span class="s1">super().test_unstack(data</span><span class="s0">, </span><span class="s1">index)</span>


<span class="s0">class </span><span class="s1">TestGetitem(BaseJSON</span><span class="s0">, </span><span class="s1">base.BaseGetitemTests):</span>
    <span class="s0">pass</span>


<span class="s0">class </span><span class="s1">TestIndex(BaseJSON</span><span class="s0">, </span><span class="s1">base.BaseIndexTests):</span>
    <span class="s0">pass</span>


<span class="s0">class </span><span class="s1">TestMissing(BaseJSON</span><span class="s0">, </span><span class="s1">base.BaseMissingTests):</span>
    <span class="s1">@pytest.mark.skip(reason=</span><span class="s5">&quot;Setting a dict as a scalar&quot;</span><span class="s1">)</span>
    <span class="s0">def </span><span class="s1">test_fillna_series(self):</span>
        <span class="s2">&quot;&quot;&quot;We treat dictionaries as a mapping in fillna, not a scalar.&quot;&quot;&quot;</span>

    <span class="s1">@pytest.mark.skip(reason=</span><span class="s5">&quot;Setting a dict as a scalar&quot;</span><span class="s1">)</span>
    <span class="s0">def </span><span class="s1">test_fillna_frame(self):</span>
        <span class="s2">&quot;&quot;&quot;We treat dictionaries as a mapping in fillna, not a scalar.&quot;&quot;&quot;</span>


<span class="s1">unhashable = pytest.mark.skip(reason=</span><span class="s5">&quot;Unhashable&quot;</span><span class="s1">)</span>


<span class="s0">class </span><span class="s1">TestReduce(base.BaseNoReduceTests):</span>
    <span class="s0">pass</span>


<span class="s0">class </span><span class="s1">TestMethods(BaseJSON</span><span class="s0">, </span><span class="s1">base.BaseMethodsTests):</span>
    <span class="s1">@unhashable</span>
    <span class="s0">def </span><span class="s1">test_value_counts(self</span><span class="s0">, </span><span class="s1">all_data</span><span class="s0">, </span><span class="s1">dropna):</span>
        <span class="s0">pass</span>

    <span class="s1">@unhashable</span>
    <span class="s0">def </span><span class="s1">test_value_counts_with_normalize(self</span><span class="s0">, </span><span class="s1">data):</span>
        <span class="s0">pass</span>

    <span class="s1">@unhashable</span>
    <span class="s0">def </span><span class="s1">test_sort_values_frame(self):</span>
        <span class="s3"># TODO (EA.factorize): see if _values_for_factorize allows this.</span>
        <span class="s0">pass</span>

    <span class="s1">@pytest.mark.parametrize(</span><span class="s5">&quot;ascending&quot;</span><span class="s0">, </span><span class="s1">[</span><span class="s0">True, False</span><span class="s1">])</span>
    <span class="s0">def </span><span class="s1">test_sort_values(self</span><span class="s0">, </span><span class="s1">data_for_sorting</span><span class="s0">, </span><span class="s1">ascending</span><span class="s0">, </span><span class="s1">sort_by_key):</span>
        <span class="s1">super().test_sort_values(data_for_sorting</span><span class="s0">, </span><span class="s1">ascending</span><span class="s0">, </span><span class="s1">sort_by_key)</span>

    <span class="s1">@pytest.mark.parametrize(</span><span class="s5">&quot;ascending&quot;</span><span class="s0">, </span><span class="s1">[</span><span class="s0">True, False</span><span class="s1">])</span>
    <span class="s0">def </span><span class="s1">test_sort_values_missing(</span>
        <span class="s1">self</span><span class="s0">, </span><span class="s1">data_missing_for_sorting</span><span class="s0">, </span><span class="s1">ascending</span><span class="s0">, </span><span class="s1">sort_by_key</span>
    <span class="s1">):</span>
        <span class="s1">super().test_sort_values_missing(</span>
            <span class="s1">data_missing_for_sorting</span><span class="s0">, </span><span class="s1">ascending</span><span class="s0">, </span><span class="s1">sort_by_key</span>
        <span class="s1">)</span>

    <span class="s1">@pytest.mark.skip(reason=</span><span class="s5">&quot;combine for JSONArray not supported&quot;</span><span class="s1">)</span>
    <span class="s0">def </span><span class="s1">test_combine_le(self</span><span class="s0">, </span><span class="s1">data_repeated):</span>
        <span class="s0">pass</span>

    <span class="s1">@pytest.mark.skip(reason=</span><span class="s5">&quot;combine for JSONArray not supported&quot;</span><span class="s1">)</span>
    <span class="s0">def </span><span class="s1">test_combine_add(self</span><span class="s0">, </span><span class="s1">data_repeated):</span>
        <span class="s0">pass</span>

    <span class="s1">@pytest.mark.skip(reason=</span><span class="s5">&quot;combine for JSONArray not supported&quot;</span><span class="s1">)</span>
    <span class="s0">def </span><span class="s1">test_combine_first(self</span><span class="s0">, </span><span class="s1">data):</span>
        <span class="s0">pass</span>

    <span class="s1">@unhashable</span>
    <span class="s0">def </span><span class="s1">test_hash_pandas_object_works(self</span><span class="s0">, </span><span class="s1">data</span><span class="s0">, </span><span class="s1">kind):</span>
        <span class="s1">super().test_hash_pandas_object_works(data</span><span class="s0">, </span><span class="s1">kind)</span>

    <span class="s1">@pytest.mark.skip(reason=</span><span class="s5">&quot;broadcasting error&quot;</span><span class="s1">)</span>
    <span class="s0">def </span><span class="s1">test_where_series(self</span><span class="s0">, </span><span class="s1">data</span><span class="s0">, </span><span class="s1">na_value):</span>
        <span class="s3"># Fails with</span>
        <span class="s3"># *** ValueError: operands could not be broadcast together</span>
        <span class="s3"># with shapes (4,) (4,) (0,)</span>
        <span class="s1">super().test_where_series(data</span><span class="s0">, </span><span class="s1">na_value)</span>

    <span class="s1">@pytest.mark.skip(reason=</span><span class="s5">&quot;Can't compare dicts.&quot;</span><span class="s1">)</span>
    <span class="s0">def </span><span class="s1">test_searchsorted(self</span><span class="s0">, </span><span class="s1">data_for_sorting):</span>
        <span class="s1">super().test_searchsorted(data_for_sorting)</span>

    <span class="s1">@pytest.mark.skip(reason=</span><span class="s5">&quot;Can't compare dicts.&quot;</span><span class="s1">)</span>
    <span class="s0">def </span><span class="s1">test_equals(self</span><span class="s0">, </span><span class="s1">data</span><span class="s0">, </span><span class="s1">na_value</span><span class="s0">, </span><span class="s1">as_series):</span>
        <span class="s0">pass</span>


<span class="s0">class </span><span class="s1">TestCasting(BaseJSON</span><span class="s0">, </span><span class="s1">base.BaseCastingTests):</span>
    <span class="s1">@pytest.mark.skip(reason=</span><span class="s5">&quot;failing on np.array(self, dtype=str)&quot;</span><span class="s1">)</span>
    <span class="s0">def </span><span class="s1">test_astype_str(self):</span>
        <span class="s2">&quot;&quot;&quot;This currently fails in NumPy on np.array(self, dtype=str) with 
 
        *** ValueError: setting an array element with a sequence 
        &quot;&quot;&quot;</span>


<span class="s3"># We intentionally don't run base.BaseSetitemTests because pandas'</span>
<span class="s3"># internals has trouble setting sequences of values into scalar positions.</span>


<span class="s0">class </span><span class="s1">TestGroupby(BaseJSON</span><span class="s0">, </span><span class="s1">base.BaseGroupbyTests):</span>
    <span class="s1">@unhashable</span>
    <span class="s0">def </span><span class="s1">test_groupby_extension_transform(self):</span>
        <span class="s2">&quot;&quot;&quot; 
        This currently fails in Series.name.setter, since the 
        name must be hashable, but the value is a dictionary. 
        I think this is what we want, i.e. `.name` should be the original 
        values, and not the values for factorization. 
        &quot;&quot;&quot;</span>

    <span class="s1">@unhashable</span>
    <span class="s0">def </span><span class="s1">test_groupby_extension_apply(self):</span>
        <span class="s2">&quot;&quot;&quot; 
        This fails in Index._do_unique_check with 
 
        &gt;   hash(val) 
        E   TypeError: unhashable type: 'UserDict' with 
 
        I suspect that once we support Index[ExtensionArray], 
        we'll be able to dispatch unique. 
        &quot;&quot;&quot;</span>

    <span class="s1">@unhashable</span>
    <span class="s0">def </span><span class="s1">test_groupby_extension_agg(self):</span>
        <span class="s2">&quot;&quot;&quot; 
        This fails when we get to tm.assert_series_equal when left.index 
        contains dictionaries, which are not hashable. 
        &quot;&quot;&quot;</span>

    <span class="s1">@unhashable</span>
    <span class="s0">def </span><span class="s1">test_groupby_extension_no_sort(self):</span>
        <span class="s2">&quot;&quot;&quot; 
        This fails when we get to tm.assert_series_equal when left.index 
        contains dictionaries, which are not hashable. 
        &quot;&quot;&quot;</span>

    <span class="s1">@pytest.mark.xfail(reason=</span><span class="s5">&quot;GH#39098: Converts agg result to object&quot;</span><span class="s1">)</span>
    <span class="s0">def </span><span class="s1">test_groupby_agg_extension(self</span><span class="s0">, </span><span class="s1">data_for_grouping):</span>
        <span class="s1">super().test_groupby_agg_extension(data_for_grouping)</span>


<span class="s0">class </span><span class="s1">TestArithmeticOps(BaseJSON</span><span class="s0">, </span><span class="s1">base.BaseArithmeticOpsTests):</span>
    <span class="s0">def </span><span class="s1">test_arith_frame_with_scalar(self</span><span class="s0">, </span><span class="s1">data</span><span class="s0">, </span><span class="s1">all_arithmetic_operators</span><span class="s0">, </span><span class="s1">request):</span>
        <span class="s0">if </span><span class="s1">len(data[</span><span class="s4">0</span><span class="s1">]) != </span><span class="s4">1</span><span class="s1">:</span>
            <span class="s1">mark = pytest.mark.xfail(reason=</span><span class="s5">&quot;raises in coercing to Series&quot;</span><span class="s1">)</span>
            <span class="s1">request.node.add_marker(mark)</span>
        <span class="s1">super().test_arith_frame_with_scalar(data</span><span class="s0">, </span><span class="s1">all_arithmetic_operators)</span>

    <span class="s0">def </span><span class="s1">test_add_series_with_extension_array(self</span><span class="s0">, </span><span class="s1">data):</span>
        <span class="s1">ser = pd.Series(data)</span>
        <span class="s0">with </span><span class="s1">pytest.raises(TypeError</span><span class="s0">, </span><span class="s1">match=</span><span class="s5">&quot;unsupported&quot;</span><span class="s1">):</span>
            <span class="s1">ser + data</span>

    <span class="s0">def </span><span class="s1">test_divmod_series_array(self):</span>
        <span class="s3"># GH 23287</span>
        <span class="s3"># skipping because it is not implemented</span>
        <span class="s0">pass</span>

    <span class="s0">def </span><span class="s1">_check_divmod_op(self</span><span class="s0">, </span><span class="s1">s</span><span class="s0">, </span><span class="s1">op</span><span class="s0">, </span><span class="s1">other</span><span class="s0">, </span><span class="s1">exc=NotImplementedError):</span>
        <span class="s0">return </span><span class="s1">super()._check_divmod_op(s</span><span class="s0">, </span><span class="s1">op</span><span class="s0">, </span><span class="s1">other</span><span class="s0">, </span><span class="s1">exc=TypeError)</span>


<span class="s0">class </span><span class="s1">TestComparisonOps(BaseJSON</span><span class="s0">, </span><span class="s1">base.BaseComparisonOpsTests):</span>
    <span class="s0">pass</span>


<span class="s0">class </span><span class="s1">TestPrinting(BaseJSON</span><span class="s0">, </span><span class="s1">base.BasePrintingTests):</span>
    <span class="s0">pass</span>
</pre>
</body>
</html>